# JRE version: OpenJDK Runtime Environment Temurin-11.0.12+7 (11.0.12+7) (build 11.0.12+7)
# Java VM: OpenJDK 64-Bit Server VM Temurin-11.0.12+7 (11.0.12+7, mixed mode, tiered, compressed oops, g1 gc, windows-amd64)
Heap:
 garbage-first heap   total 229376K, used 77777K [0x0000000080000000, 0x0000000100000000)
  region size 1024K, 50 young (51200K), 10 survivors (10240K)
 Metaspace       used 78990K, capacity 81061K, committed 81152K, reserved 1120256K
  class space    used 10155K, capacity 10956K, committed 11008K, reserved 1048576K
GC Heap History (20 events):
Event: 3.055 GC heap before
{Heap before GC invocations=5 (full 0):
 garbage-first heap   total 131072K, used 47368K [0x0000000080000000, 0x0000000100000000)
  region size 1024K, 35 young (35840K), 1 survivors (1024K)
 Metaspace       used 27136K, capacity 27933K, committed 28160K, reserved 1073152K
  class space    used 3282K, capacity 3572K, committed 3584K, reserved 1048576K
}
Event: 3.061 GC heap after
{Heap after GC invocations=6 (full 0):
 garbage-first heap   total 131072K, used 13570K [0x0000000080000000, 0x0000000100000000)
  region size 1024K, 2 young (2048K), 2 survivors (2048K)
 Metaspace       used 27136K, capacity 27933K, committed 28160K, reserved 1073152K
  class space    used 3282K, capacity 3572K, committed 3584K, reserved 1048576K
}
Event: 3.435 GC heap before
{Heap before GC invocations=6 (full 0):
 garbage-first heap   total 131072K, used 55554K [0x0000000080000000, 0x0000000100000000)
  region size 1024K, 44 young (45056K), 2 survivors (2048K)
 Metaspace       used 29272K, capacity 30072K, committed 30208K, reserved 1075200K
  class space    used 3498K, capacity 3821K, committed 3840K, reserved 1048576K
}
Event: 3.442 GC heap after
{Heap after GC invocations=7 (full 0):
 garbage-first heap   total 157696K, used 14447K [0x0000000080000000, 0x0000000100000000)
  region size 1024K, 3 young (3072K), 3 survivors (3072K)
 Metaspace       used 29272K, capacity 30072K, committed 30208K, reserved 1075200K
  class space    used 3498K, capacity 3821K, committed 3840K, reserved 1048576K
}
Event: 4.094 GC heap before
{Heap before GC invocations=7 (full 0):
 garbage-first heap   total 157696K, used 65647K [0x0000000080000000, 0x0000000100000000)
  region size 1024K, 54 young (55296K), 3 survivors (3072K)
 Metaspace       used 32951K, capacity 33806K, committed 34048K, reserved 1079296K
  class space    used 3943K, capacity 4296K, committed 4352K, reserved 1048576K
}
Event: 4.102 GC heap after
{Heap after GC invocations=8 (full 0):
 garbage-first heap   total 157696K, used 15878K [0x0000000080000000, 0x0000000100000000)
  region size 1024K, 5 young (5120K), 5 survivors (5120K)
 Metaspace       used 32951K, capacity 33806K, committed 34048K, reserved 1079296K
  class space    used 3943K, capacity 4296K, committed 4352K, reserved 1048576K
}
Event: 4.619 GC heap before
{Heap before GC invocations=8 (full 0):
 garbage-first heap   total 157696K, used 41478K [0x0000000080000000, 0x0000000100000000)
  region size 1024K, 31 young (31744K), 5 survivors (5120K)
 Metaspace       used 34931K, capacity 35791K, committed 35840K, reserved 1081344K
  class space    used 4204K, capacity 4569K, committed 4608K, reserved 1048576K
}
Event: 4.630 GC heap after
{Heap after GC invocations=9 (full 0):
 garbage-first heap   total 157696K, used 16361K [0x0000000080000000, 0x0000000100000000)
  region size 1024K, 5 young (5120K), 5 survivors (5120K)
 Metaspace       used 34931K, capacity 35791K, committed 35840K, reserved 1081344K
  class space    used 4204K, capacity 4569K, committed 4608K, reserved 1048576K
}
Event: 6.193 GC heap before
{Heap before GC invocations=10 (full 0):
 garbage-first heap   total 157696K, used 88041K [0x0000000080000000, 0x0000000100000000)
  region size 1024K, 75 young (76800K), 5 survivors (5120K)
 Metaspace       used 40828K, capacity 41982K, committed 42112K, reserved 1085440K
  class space    used 4929K, capacity 5398K, committed 5504K, reserved 1048576K
}
Event: 6.210 GC heap after
{Heap after GC invocations=11 (full 0):
 garbage-first heap   total 157696K, used 20589K [0x0000000080000000, 0x0000000100000000)
  region size 1024K, 9 young (9216K), 9 survivors (9216K)
 Metaspace       used 40828K, capacity 41982K, committed 42112K, reserved 1085440K
  class space    used 4929K, capacity 5398K, committed 5504K, reserved 1048576K
}
Event: 7.319 GC heap before
{Heap before GC invocations=11 (full 0):
 garbage-first heap   total 157696K, used 94317K [0x0000000080000000, 0x0000000100000000)
  region size 1024K, 81 young (82944K), 9 survivors (9216K)
 Metaspace       used 46602K, capacity 47814K, committed 47872K, reserved 1091584K
  class space    used 5891K, capacity 6378K, committed 6400K, reserved 1048576K
}
Event: 7.341 GC heap after
{Heap after GC invocations=12 (full 0):
 garbage-first heap   total 189440K, used 22692K [0x0000000080000000, 0x0000000100000000)
  region size 1024K, 8 young (8192K), 8 survivors (8192K)
 Metaspace       used 46602K, capacity 47814K, committed 47872K, reserved 1091584K
  class space    used 5891K, capacity 6378K, committed 6400K, reserved 1048576K
}
Event: 8.730 GC heap before
{Heap before GC invocations=12 (full 0):
 garbage-first heap   total 189440K, used 112804K [0x0000000080000000, 0x0000000100000000)
  region size 1024K, 97 young (99328K), 8 survivors (8192K)
 Metaspace       used 55577K, capacity 56932K, committed 57216K, reserved 1099776K
  class space    used 6972K, capacity 7522K, committed 7552K, reserved 1048576K
}
Event: 8.753 GC heap after
{Heap after GC invocations=13 (full 0):
 garbage-first heap   total 189440K, used 27865K [0x0000000080000000, 0x0000000100000000)
  region size 1024K, 12 young (12288K), 12 survivors (12288K)
 Metaspace       used 55577K, capacity 56932K, committed 57216K, reserved 1099776K
  class space    used 6972K, capacity 7522K, committed 7552K, reserved 1048576K
}
Event: 9.370 GC heap before
{Heap before GC invocations=13 (full 0):
 garbage-first heap   total 189440K, used 66777K [0x0000000080000000, 0x0000000100000000)
  region size 1024K, 51 young (52224K), 12 survivors (12288K)
 Metaspace       used 58614K, capacity 60045K, committed 60160K, reserved 1101824K
  class space    used 7392K, capacity 7936K, committed 7936K, reserved 1048576K
}
Event: 9.396 GC heap after
{Heap after GC invocations=14 (full 0):
 garbage-first heap   total 189440K, used 29527K [0x0000000080000000, 0x0000000100000000)
  region size 1024K, 7 young (7168K), 7 survivors (7168K)
 Metaspace       used 58614K, capacity 60045K, committed 60160K, reserved 1101824K
  class space    used 7392K, capacity 7936K, committed 7936K, reserved 1048576K
}
Event: 11.212 GC heap before
{Heap before GC invocations=15 (full 0):
 garbage-first heap   total 189440K, used 125783K [0x0000000080000000, 0x0000000100000000)
  region size 1024K, 102 young (104448K), 7 survivors (7168K)
 Metaspace       used 67084K, capacity 68648K, committed 68864K, reserved 1110016K
  class space    used 8606K, capacity 9214K, committed 9216K, reserved 1048576K
}
Event: 11.237 GC heap after
{Heap after GC invocations=16 (full 0):
 garbage-first heap   total 189440K, used 33745K [0x0000000080000000, 0x0000000100000000)
  region size 1024K, 6 young (6144K), 6 survivors (6144K)
 Metaspace       used 67084K, capacity 68648K, committed 68864K, reserved 1110016K
  class space    used 8606K, capacity 9214K, committed 9216K, reserved 1048576K
}
Event: 13.676 GC heap before
{Heap before GC invocations=16 (full 0):
 garbage-first heap   total 189440K, used 133073K [0x0000000080000000, 0x0000000100000000)
  region size 1024K, 104 young (106496K), 6 survivors (6144K)
 Metaspace       used 78348K, capacity 80387K, committed 80640K, reserved 1118208K
  class space    used 10085K, capacity 10903K, committed 11008K, reserved 1048576K
}
Event: 13.698 GC heap after
{Heap after GC invocations=17 (full 0):
 garbage-first heap   total 229376K, used 37841K [0x0000000080000000, 0x0000000100000000)
  region size 1024K, 10 young (10240K), 10 survivors (10240K)
 Metaspace       used 78348K, capacity 80387K, committed 80640K, reserved 1118208K
  class space    used 10085K, capacity 10903K, committed 11008K, reserved 1048576K
}

