# JRE version: OpenJDK Runtime Environment Temurin-11.0.12+7 (11.0.12+7) (build 11.0.12+7)
# Java VM: OpenJDK 64-Bit Server VM Temurin-11.0.12+7 (11.0.12+7, mixed mode, tiered, compressed oops, g1 gc, windows-amd64)
Heap:
 garbage-first heap   total 192512K, used 83968K [0x0000000080000000, 0x0000000100000000)
  region size 1024K, 38 young (38912K), 3 survivors (3072K)
 Metaspace       used 39173K, capacity 40001K, committed 40272K, reserved 1085440K
  class space    used 4089K, capacity 4393K, committed 4512K, reserved 1048576K
GC Heap History (20 events):
Event: 0.912 GC heap before
{Heap before GC invocations=2 (full 0):
 garbage-first heap   total 131072K, used 12398K [0x0000000080000000, 0x0000000100000000)
  region size 1024K, 12 young (12288K), 2 survivors (2048K)
 Metaspace       used 12481K, capacity 12661K, committed 12928K, reserved 1060864K
  class space    used 1256K, capacity 1348K, committed 1408K, reserved 1048576K
}
Event: 0.917 GC heap after
{Heap after GC invocations=3 (full 0):
 garbage-first heap   total 131072K, used 3547K [0x0000000080000000, 0x0000000100000000)
  region size 1024K, 2 young (2048K), 2 survivors (2048K)
 Metaspace       used 12481K, capacity 12661K, committed 12928K, reserved 1060864K
  class space    used 1256K, capacity 1348K, committed 1408K, reserved 1048576K
}
Event: 2.824 GC heap before
{Heap before GC invocations=3 (full 0):
 garbage-first heap   total 131072K, used 79323K [0x0000000080000000, 0x0000000100000000)
  region size 1024K, 76 young (77824K), 2 survivors (2048K)
 Metaspace       used 20742K, capacity 21098K, committed 21296K, reserved 1069056K
  class space    used 2188K, capacity 2311K, committed 2432K, reserved 1048576K
}
Event: 2.843 GC heap after
{Heap after GC invocations=4 (full 0):
 garbage-first heap   total 131072K, used 10073K [0x0000000080000000, 0x0000000100000000)
  region size 1024K, 8 young (8192K), 8 survivors (8192K)
 Metaspace       used 20742K, capacity 21098K, committed 21296K, reserved 1069056K
  class space    used 2188K, capacity 2311K, committed 2432K, reserved 1048576K
}
Event: 2.965 GC heap before
{Heap before GC invocations=4 (full 0):
 garbage-first heap   total 131072K, used 15193K [0x0000000080000000, 0x0000000100000000)
  region size 1024K, 14 young (14336K), 8 survivors (8192K)
 Metaspace       used 20838K, capacity 21101K, committed 21296K, reserved 1069056K
  class space    used 2190K, capacity 2312K, committed 2432K, reserved 1048576K
}
Event: 2.987 GC heap after
{Heap after GC invocations=5 (full 0):
 garbage-first heap   total 157696K, used 10671K [0x0000000080000000, 0x0000000100000000)
  region size 1024K, 1 young (1024K), 1 survivors (1024K)
 Metaspace       used 20838K, capacity 21101K, committed 21296K, reserved 1069056K
  class space    used 2190K, capacity 2312K, committed 2432K, reserved 1048576K
}
Event: 3.922 GC heap before
{Heap before GC invocations=6 (full 0):
 garbage-first heap   total 157696K, used 55727K [0x0000000080000000, 0x0000000100000000)
  region size 1024K, 45 young (46080K), 1 survivors (1024K)
 Metaspace       used 21458K, capacity 21769K, committed 22064K, reserved 1069056K
  class space    used 2197K, capacity 2320K, committed 2432K, reserved 1048576K
}
Event: 3.928 GC heap after
{Heap after GC invocations=7 (full 0):
 garbage-first heap   total 157696K, used 12719K [0x0000000080000000, 0x0000000100000000)
  region size 1024K, 3 young (3072K), 3 survivors (3072K)
 Metaspace       used 21458K, capacity 21769K, committed 22064K, reserved 1069056K
  class space    used 2197K, capacity 2320K, committed 2432K, reserved 1048576K
}
Event: 5.443 GC heap before
{Heap before GC invocations=7 (full 0):
 garbage-first heap   total 157696K, used 86447K [0x0000000080000000, 0x0000000100000000)
  region size 1024K, 75 young (76800K), 3 survivors (3072K)
 Metaspace       used 23613K, capacity 24071K, committed 24368K, reserved 1071104K
  class space    used 2403K, capacity 2596K, committed 2688K, reserved 1048576K
}
Event: 5.454 GC heap after
{Heap after GC invocations=8 (full 0):
 garbage-first heap   total 157696K, used 16604K [0x0000000080000000, 0x0000000100000000)
  region size 1024K, 7 young (7168K), 7 survivors (7168K)
 Metaspace       used 23613K, capacity 24071K, committed 24368K, reserved 1071104K
  class space    used 2403K, capacity 2596K, committed 2688K, reserved 1048576K
}
Event: 6.778 GC heap before
{Heap before GC invocations=8 (full 0):
 garbage-first heap   total 157696K, used 98524K [0x0000000080000000, 0x0000000100000000)
  region size 1024K, 86 young (88064K), 7 survivors (7168K)
 Metaspace       used 30421K, capacity 31134K, committed 31408K, reserved 1077248K
  class space    used 3238K, capacity 3489K, committed 3584K, reserved 1048576K
}
Event: 6.794 GC heap after
{Heap after GC invocations=9 (full 0):
 garbage-first heap   total 157696K, used 22225K [0x0000000080000000, 0x0000000100000000)
  region size 1024K, 9 young (9216K), 9 survivors (9216K)
 Metaspace       used 30421K, capacity 31134K, committed 31408K, reserved 1077248K
  class space    used 3238K, capacity 3489K, committed 3584K, reserved 1048576K
}
Event: 7.821 GC heap before
{Heap before GC invocations=9 (full 0):
 garbage-first heap   total 157696K, used 104145K [0x0000000080000000, 0x0000000100000000)
  region size 1024K, 89 young (91136K), 9 survivors (9216K)
 Metaspace       used 31871K, capacity 32510K, committed 32816K, reserved 1079296K
  class space    used 3351K, capacity 3605K, committed 3712K, reserved 1048576K
}
Event: 7.845 GC heap after
{Heap after GC invocations=10 (full 0):
 garbage-first heap   total 157696K, used 36447K [0x0000000080000000, 0x0000000100000000)
  region size 1024K, 12 young (12288K), 12 survivors (12288K)
 Metaspace       used 31871K, capacity 32510K, committed 32816K, reserved 1079296K
  class space    used 3351K, capacity 3605K, committed 3712K, reserved 1048576K
}
Event: 9.244 GC heap before
{Heap before GC invocations=10 (full 0):
 garbage-first heap   total 157696K, used 110175K [0x0000000080000000, 0x0000000100000000)
  region size 1024K, 84 young (86016K), 12 survivors (12288K)
 Metaspace       used 34778K, capacity 35590K, committed 35888K, reserved 1081344K
  class space    used 3633K, capacity 3925K, committed 3968K, reserved 1048576K
}
Event: 9.275 GC heap after
{Heap after GC invocations=11 (full 0):
 garbage-first heap   total 192512K, used 47104K [0x0000000080000000, 0x0000000100000000)
  region size 1024K, 10 young (10240K), 10 survivors (10240K)
 Metaspace       used 34778K, capacity 35590K, committed 35888K, reserved 1081344K
  class space    used 3633K, capacity 3925K, committed 3968K, reserved 1048576K
}
Event: 9.353 GC heap before
{Heap before GC invocations=11 (full 0):
 garbage-first heap   total 192512K, used 48128K [0x0000000080000000, 0x0000000100000000)
  region size 1024K, 12 young (12288K), 10 survivors (10240K)
 Metaspace       used 35125K, capacity 35883K, committed 35920K, reserved 1081344K
  class space    used 3690K, capacity 3982K, committed 4000K, reserved 1048576K
}
Event: 9.368 GC heap after
{Heap after GC invocations=12 (full 0):
 garbage-first heap   total 192512K, used 48128K [0x0000000080000000, 0x0000000100000000)
  region size 1024K, 1 young (1024K), 1 survivors (1024K)
 Metaspace       used 35125K, capacity 35883K, committed 35920K, reserved 1081344K
  class space    used 3690K, capacity 3982K, committed 4000K, reserved 1048576K
}
Event: 10.450 GC heap before
{Heap before GC invocations=13 (full 0):
 garbage-first heap   total 192512K, used 115712K [0x0000000080000000, 0x0000000100000000)
  region size 1024K, 67 young (68608K), 1 survivors (1024K)
 Metaspace       used 37790K, capacity 38629K, committed 38736K, reserved 1083392K
  class space    used 3947K, capacity 4254K, committed 4256K, reserved 1048576K
}
Event: 10.458 GC heap after
{Heap after GC invocations=14 (full 0):
 garbage-first heap   total 192512K, used 49152K [0x0000000080000000, 0x0000000100000000)
  region size 1024K, 3 young (3072K), 3 survivors (3072K)
 Metaspace       used 37790K, capacity 38629K, committed 38736K, reserved 1083392K
  class space    used 3947K, capacity 4254K, committed 4256K, reserved 1048576K
}

