# JRE version: OpenJDK Runtime Environment Temurin-11.0.12+7 (11.0.12+7) (build 11.0.12+7)
# Java VM: OpenJDK 64-Bit Server VM Temurin-11.0.12+7 (11.0.12+7, mixed mode, tiered, compressed oops, g1 gc, windows-amd64)
Heap:
 garbage-first heap   total 218112K, used 80047K [0x0000000080000000, 0x0000000100000000)
  region size 1024K, 53 young (54272K), 8 survivors (8192K)
 Metaspace       used 79248K, capacity 81310K, committed 81408K, reserved 1120256K
  class space    used 10180K, capacity 10994K, committed 11008K, reserved 1048576K
GC Heap History (20 events):
Event: 4.102 GC heap before
{Heap before GC invocations=5 (full 0):
 garbage-first heap   total 131072K, used 46398K [0x0000000080000000, 0x0000000100000000)
  region size 1024K, 35 young (35840K), 1 survivors (1024K)
 Metaspace       used 27182K, capacity 27908K, committed 28160K, reserved 1073152K
  class space    used 3274K, capacity 3542K, committed 3584K, reserved 1048576K
}
Event: 4.108 GC heap after
{Heap after GC invocations=6 (full 0):
 garbage-first heap   total 131072K, used 13827K [0x0000000080000000, 0x0000000100000000)
  region size 1024K, 3 young (3072K), 3 survivors (3072K)
 Metaspace       used 27182K, capacity 27908K, committed 28160K, reserved 1073152K
  class space    used 3274K, capacity 3542K, committed 3584K, reserved 1048576K
}
Event: 4.522 GC heap before
{Heap before GC invocations=6 (full 0):
 garbage-first heap   total 131072K, used 55811K [0x0000000080000000, 0x0000000100000000)
  region size 1024K, 45 young (46080K), 3 survivors (3072K)
 Metaspace       used 30260K, capacity 31130K, committed 31360K, reserved 1077248K
  class space    used 3589K, capacity 3915K, committed 3968K, reserved 1048576K
}
Event: 4.529 GC heap after
{Heap after GC invocations=7 (full 0):
 garbage-first heap   total 131072K, used 14501K [0x0000000080000000, 0x0000000100000000)
  region size 1024K, 3 young (3072K), 3 survivors (3072K)
 Metaspace       used 30260K, capacity 31130K, committed 31360K, reserved 1077248K
  class space    used 3589K, capacity 3915K, committed 3968K, reserved 1048576K
}
Event: 5.374 GC heap before
{Heap before GC invocations=7 (full 0):
 garbage-first heap   total 131072K, used 70821K [0x0000000080000000, 0x0000000100000000)
  region size 1024K, 59 young (60416K), 3 survivors (3072K)
 Metaspace       used 33105K, capacity 33967K, committed 34048K, reserved 1079296K
  class space    used 3957K, capacity 4304K, committed 4352K, reserved 1048576K
}
Event: 5.382 GC heap after
{Heap after GC invocations=8 (full 0):
 garbage-first heap   total 131072K, used 16198K [0x0000000080000000, 0x0000000100000000)
  region size 1024K, 5 young (5120K), 5 survivors (5120K)
 Metaspace       used 33105K, capacity 33967K, committed 34048K, reserved 1079296K
  class space    used 3957K, capacity 4304K, committed 4352K, reserved 1048576K
}
Event: 5.997 GC heap before
{Heap before GC invocations=8 (full 0):
 garbage-first heap   total 131072K, used 34630K [0x0000000080000000, 0x0000000100000000)
  region size 1024K, 24 young (24576K), 5 survivors (5120K)
 Metaspace       used 34930K, capacity 35794K, committed 35840K, reserved 1081344K
  class space    used 4202K, capacity 4569K, committed 4608K, reserved 1048576K
}
Event: 6.011 GC heap after
{Heap after GC invocations=9 (full 0):
 garbage-first heap   total 181248K, used 16282K [0x0000000080000000, 0x0000000100000000)
  region size 1024K, 4 young (4096K), 4 survivors (4096K)
 Metaspace       used 34930K, capacity 35794K, committed 35840K, reserved 1081344K
  class space    used 4202K, capacity 4569K, committed 4608K, reserved 1048576K
}
Event: 8.347 GC heap before
{Heap before GC invocations=10 (full 0):
 garbage-first heap   total 181248K, used 97178K [0x0000000080000000, 0x0000000100000000)
  region size 1024K, 83 young (84992K), 4 survivors (4096K)
 Metaspace       used 41445K, capacity 42515K, committed 42624K, reserved 1087488K
  class space    used 5012K, capacity 5466K, committed 5504K, reserved 1048576K
}
Event: 8.365 GC heap after
{Heap after GC invocations=11 (full 0):
 garbage-first heap   total 181248K, used 20362K [0x0000000080000000, 0x0000000100000000)
  region size 1024K, 8 young (8192K), 8 survivors (8192K)
 Metaspace       used 41445K, capacity 42515K, committed 42624K, reserved 1087488K
  class space    used 5012K, capacity 5466K, committed 5504K, reserved 1048576K
}
Event: 9.909 GC heap before
{Heap before GC invocations=11 (full 0):
 garbage-first heap   total 181248K, used 104330K [0x0000000080000000, 0x0000000100000000)
  region size 1024K, 90 young (92160K), 8 survivors (8192K)
 Metaspace       used 48235K, capacity 49414K, committed 49664K, reserved 1091584K
  class space    used 6074K, capacity 6548K, committed 6656K, reserved 1048576K
}
Event: 9.930 GC heap after
{Heap after GC invocations=12 (full 0):
 garbage-first heap   total 181248K, used 23770K [0x0000000080000000, 0x0000000100000000)
  region size 1024K, 10 young (10240K), 10 survivors (10240K)
 Metaspace       used 48235K, capacity 49414K, committed 49664K, reserved 1091584K
  class space    used 6074K, capacity 6548K, committed 6656K, reserved 1048576K
}
Event: 11.473 GC heap before
{Heap before GC invocations=12 (full 0):
 garbage-first heap   total 181248K, used 109786K [0x0000000080000000, 0x0000000100000000)
  region size 1024K, 95 young (97280K), 10 survivors (10240K)
 Metaspace       used 57236K, capacity 58589K, committed 58752K, reserved 1099776K
  class space    used 7198K, capacity 7728K, committed 7808K, reserved 1048576K
}
Event: 11.508 GC heap after
{Heap after GC invocations=13 (full 0):
 garbage-first heap   total 181248K, used 28137K [0x0000000080000000, 0x0000000100000000)
  region size 1024K, 8 young (8192K), 8 survivors (8192K)
 Metaspace       used 57236K, capacity 58589K, committed 58752K, reserved 1099776K
  class space    used 7198K, capacity 7728K, committed 7808K, reserved 1048576K
}
Event: 11.866 GC heap before
{Heap before GC invocations=13 (full 0):
 garbage-first heap   total 181248K, used 52713K [0x0000000080000000, 0x0000000100000000)
  region size 1024K, 33 young (33792K), 8 survivors (8192K)
 Metaspace       used 58637K, capacity 60049K, committed 60160K, reserved 1101824K
  class space    used 7392K, capacity 7936K, committed 7936K, reserved 1048576K
}
Event: 11.887 GC heap after
{Heap after GC invocations=14 (full 0):
 garbage-first heap   total 218112K, used 29590K [0x0000000080000000, 0x0000000100000000)
  region size 1024K, 6 young (6144K), 6 survivors (6144K)
 Metaspace       used 58637K, capacity 60049K, committed 60160K, reserved 1101824K
  class space    used 7392K, capacity 7936K, committed 7936K, reserved 1048576K
}
Event: 13.880 GC heap before
{Heap before GC invocations=15 (full 0):
 garbage-first heap   total 218112K, used 120726K [0x0000000080000000, 0x0000000100000000)
  region size 1024K, 95 young (97280K), 6 survivors (6144K)
 Metaspace       used 66220K, capacity 67754K, committed 68096K, reserved 1107968K
  class space    used 8505K, capacity 9106K, committed 9216K, reserved 1048576K
}
Event: 13.902 GC heap after
{Heap after GC invocations=16 (full 0):
 garbage-first heap   total 218112K, used 33686K [0x0000000080000000, 0x0000000100000000)
  region size 1024K, 10 young (10240K), 10 survivors (10240K)
 Metaspace       used 66220K, capacity 67754K, committed 68096K, reserved 1107968K
  class space    used 8505K, capacity 9106K, committed 9216K, reserved 1048576K
}
Event: 16.522 GC heap before
{Heap before GC invocations=16 (full 0):
 garbage-first heap   total 218112K, used 127894K [0x0000000080000000, 0x0000000100000000)
  region size 1024K, 102 young (104448K), 10 survivors (10240K)
 Metaspace       used 77237K, capacity 79166K, committed 79360K, reserved 1118208K
  class space    used 9889K, capacity 10681K, committed 10752K, reserved 1048576K
}
Event: 16.550 GC heap after
{Heap after GC invocations=17 (full 0):
 garbage-first heap   total 218112K, used 36015K [0x0000000080000000, 0x0000000100000000)
  region size 1024K, 8 young (8192K), 8 survivors (8192K)
 Metaspace       used 77237K, capacity 79166K, committed 79360K, reserved 1118208K
  class space    used 9889K, capacity 10681K, committed 10752K, reserved 1048576K
}

