# JRE version: OpenJDK Runtime Environment Temurin-11.0.12+7 (11.0.12+7) (build 11.0.12+7)
# Java VM: OpenJDK 64-Bit Server VM Temurin-11.0.12+7 (11.0.12+7, mixed mode, tiered, compressed oops, g1 gc, windows-amd64)
Heap:
 garbage-first heap   total 157696K, used 91940K [0x0000000080000000, 0x0000000100000000)
  region size 1024K, 80 young (81920K), 7 survivors (7168K)
 Metaspace       used 28068K, capacity 28582K, committed 28848K, reserved 1075200K
  class space    used 2826K, capacity 3014K, committed 3072K, reserved 1048576K
GC Heap History (16 events):
Event: 0.431 GC heap before
{Heap before GC invocations=0 (full 0):
 garbage-first heap   total 131072K, used 6144K [0x0000000080000000, 0x0000000100000000)
  region size 1024K, 7 young (7168K), 0 survivors (0K)
 Metaspace       used 7879K, capacity 8062K, committed 8320K, reserved 1056768K
  class space    used 683K, capacity 772K, committed 896K, reserved 1048576K
}
Event: 0.435 GC heap after
{Heap after GC invocations=1 (full 0):
 garbage-first heap   total 131072K, used 2117K [0x0000000080000000, 0x0000000100000000)
  region size 1024K, 1 young (1024K), 1 survivors (1024K)
 Metaspace       used 7879K, capacity 8062K, committed 8320K, reserved 1056768K
  class space    used 683K, capacity 772K, committed 896K, reserved 1048576K
}
Event: 0.702 GC heap before
{Heap before GC invocations=1 (full 0):
 garbage-first heap   total 131072K, used 8261K [0x0000000080000000, 0x0000000100000000)
  region size 1024K, 7 young (7168K), 1 survivors (1024K)
 Metaspace       used 10578K, capacity 10793K, committed 10880K, reserved 1058816K
  class space    used 993K, capacity 1088K, committed 1152K, reserved 1048576K
}
Event: 0.706 GC heap after
{Heap after GC invocations=2 (full 0):
 garbage-first heap   total 131072K, used 3128K [0x0000000080000000, 0x0000000100000000)
  region size 1024K, 1 young (1024K), 1 survivors (1024K)
 Metaspace       used 10578K, capacity 10793K, committed 10880K, reserved 1058816K
  class space    used 993K, capacity 1088K, committed 1152K, reserved 1048576K
}
Event: 0.993 GC heap before
{Heap before GC invocations=2 (full 0):
 garbage-first heap   total 131072K, used 16440K [0x0000000080000000, 0x0000000100000000)
  region size 1024K, 15 young (15360K), 1 survivors (1024K)
 Metaspace       used 12592K, capacity 12789K, committed 12928K, reserved 1060864K
  class space    used 1276K, capacity 1348K, committed 1408K, reserved 1048576K
}
Event: 0.996 GC heap after
{Heap after GC invocations=3 (full 0):
 garbage-first heap   total 131072K, used 3633K [0x0000000080000000, 0x0000000100000000)
  region size 1024K, 2 young (2048K), 2 survivors (2048K)
 Metaspace       used 12592K, capacity 12789K, committed 12928K, reserved 1060864K
  class space    used 1276K, capacity 1348K, committed 1408K, reserved 1048576K
}
Event: 2.284 GC heap before
{Heap before GC invocations=3 (full 0):
 garbage-first heap   total 131072K, used 52785K [0x0000000080000000, 0x0000000100000000)
  region size 1024K, 50 young (51200K), 2 survivors (2048K)
 Metaspace       used 20098K, capacity 20419K, committed 20480K, reserved 1067008K
  class space    used 2151K, capacity 2277K, committed 2304K, reserved 1048576K
}
Event: 2.295 GC heap after
{Heap after GC invocations=4 (full 0):
 garbage-first heap   total 131072K, used 6859K [0x0000000080000000, 0x0000000100000000)
  region size 1024K, 5 young (5120K), 5 survivors (5120K)
 Metaspace       used 20098K, capacity 20419K, committed 20480K, reserved 1067008K
  class space    used 2151K, capacity 2277K, committed 2304K, reserved 1048576K
}
Event: 2.961 GC heap before
{Heap before GC invocations=4 (full 0):
 garbage-first heap   total 131072K, used 37579K [0x0000000080000000, 0x0000000100000000)
  region size 1024K, 36 young (36864K), 5 survivors (5120K)
 Metaspace       used 20842K, capacity 21101K, committed 21296K, reserved 1069056K
  class space    used 2190K, capacity 2312K, committed 2432K, reserved 1048576K
}
Event: 2.982 GC heap after
{Heap after GC invocations=5 (full 0):
 garbage-first heap   total 157696K, used 10183K [0x0000000080000000, 0x0000000100000000)
  region size 1024K, 7 young (7168K), 7 survivors (7168K)
 Metaspace       used 20842K, capacity 21101K, committed 21296K, reserved 1069056K
  class space    used 2190K, capacity 2312K, committed 2432K, reserved 1048576K
}
Event: 3.908 GC heap before
{Heap before GC invocations=6 (full 0):
 garbage-first heap   total 157696K, used 62407K [0x0000000080000000, 0x0000000100000000)
  region size 1024K, 58 young (59392K), 7 survivors (7168K)
 Metaspace       used 21520K, capacity 21833K, committed 22064K, reserved 1069056K
  class space    used 2197K, capacity 2320K, committed 2432K, reserved 1048576K
}
Event: 3.925 GC heap after
{Heap after GC invocations=7 (full 0):
 garbage-first heap   total 157696K, used 13252K [0x0000000080000000, 0x0000000100000000)
  region size 1024K, 7 young (7168K), 7 survivors (7168K)
 Metaspace       used 21520K, capacity 21833K, committed 22064K, reserved 1069056K
  class space    used 2197K, capacity 2320K, committed 2432K, reserved 1048576K
}
Event: 5.010 GC heap before
{Heap before GC invocations=7 (full 0):
 garbage-first heap   total 157696K, used 71620K [0x0000000080000000, 0x0000000100000000)
  region size 1024K, 64 young (65536K), 7 survivors (7168K)
 Metaspace       used 23069K, capacity 23407K, committed 23728K, reserved 1071104K
  class space    used 2354K, capacity 2524K, committed 2560K, reserved 1048576K
}
Event: 5.024 GC heap after
{Heap after GC invocations=8 (full 0):
 garbage-first heap   total 157696K, used 16430K [0x0000000080000000, 0x0000000100000000)
  region size 1024K, 7 young (7168K), 7 survivors (7168K)
 Metaspace       used 23069K, capacity 23407K, committed 23728K, reserved 1071104K
  class space    used 2354K, capacity 2524K, committed 2560K, reserved 1048576K
}
Event: 6.254 GC heap before
{Heap before GC invocations=8 (full 0):
 garbage-first heap   total 157696K, used 94254K [0x0000000080000000, 0x0000000100000000)
  region size 1024K, 84 young (86016K), 7 survivors (7168K)
 Metaspace       used 25835K, capacity 26371K, committed 26544K, reserved 1073152K
  class space    used 2604K, capacity 2810K, committed 2816K, reserved 1048576K
}
Event: 6.271 GC heap after
{Heap after GC invocations=9 (full 0):
 garbage-first heap   total 157696K, used 19236K [0x0000000080000000, 0x0000000100000000)
  region size 1024K, 7 young (7168K), 7 survivors (7168K)
 Metaspace       used 25835K, capacity 26371K, committed 26544K, reserved 1073152K
  class space    used 2604K, capacity 2810K, committed 2816K, reserved 1048576K
}

