# JRE version: OpenJDK Runtime Environment Temurin-11.0.12+7 (11.0.12+7) (build 11.0.12+7)
# Java VM: OpenJDK 64-Bit Server VM Temurin-11.0.12+7 (11.0.12+7, mixed mode, tiered, compressed oops, g1 gc, windows-amd64)
Heap:
 garbage-first heap   total 247808K, used 79360K [0x0000000080000000, 0x0000000100000000)
  region size 1024K, 28 young (28672K), 5 survivors (5120K)
 Metaspace       used 39731K, capacity 40643K, committed 40732K, reserved 1085440K
  class space    used 4145K, capacity 4474K, committed 4480K, reserved 1048576K
GC Heap History (20 events):
Event: 1.467 GC heap before
{Heap before GC invocations=3 (full 0):
 garbage-first heap   total 131072K, used 23093K [0x0000000080000000, 0x0000000100000000)
  region size 1024K, 21 young (21504K), 2 survivors (2048K)
 Metaspace       used 14726K, capacity 14871K, committed 14976K, reserved 1062912K
  class space    used 1528K, capacity 1611K, committed 1664K, reserved 1048576K
}
Event: 1.476 GC heap after
{Heap after GC invocations=4 (full 0):
 garbage-first heap   total 131072K, used 4126K [0x0000000080000000, 0x0000000100000000)
  region size 1024K, 2 young (2048K), 2 survivors (2048K)
 Metaspace       used 14726K, capacity 14871K, committed 14976K, reserved 1062912K
  class space    used 1528K, capacity 1611K, committed 1664K, reserved 1048576K
}
Event: 2.466 GC heap before
{Heap before GC invocations=4 (full 0):
 garbage-first heap   total 131072K, used 37918K [0x0000000080000000, 0x0000000100000000)
  region size 1024K, 35 young (35840K), 2 survivors (2048K)
 Metaspace       used 20132K, capacity 20422K, committed 20480K, reserved 1067008K
  class space    used 2152K, capacity 2278K, committed 2304K, reserved 1048576K
}
Event: 2.483 GC heap after
{Heap after GC invocations=5 (full 0):
 garbage-first heap   total 157696K, used 7100K [0x0000000080000000, 0x0000000100000000)
  region size 1024K, 5 young (5120K), 5 survivors (5120K)
 Metaspace       used 20132K, capacity 20422K, committed 20480K, reserved 1067008K
  class space    used 2152K, capacity 2278K, committed 2304K, reserved 1048576K
}
Event: 3.196 GC heap before
{Heap before GC invocations=5 (full 0):
 garbage-first heap   total 157696K, used 35772K [0x0000000080000000, 0x0000000100000000)
  region size 1024K, 34 young (34816K), 5 survivors (5120K)
 Metaspace       used 20837K, capacity 21101K, committed 21296K, reserved 1069056K
  class space    used 2191K, capacity 2312K, committed 2432K, reserved 1048576K
}
Event: 3.218 GC heap after
{Heap after GC invocations=6 (full 0):
 garbage-first heap   total 157696K, used 10102K [0x0000000080000000, 0x0000000100000000)
  region size 1024K, 6 young (6144K), 6 survivors (6144K)
 Metaspace       used 20837K, capacity 21101K, committed 21296K, reserved 1069056K
  class space    used 2191K, capacity 2312K, committed 2432K, reserved 1048576K
}
Event: 4.053 GC heap before
{Heap before GC invocations=7 (full 0):
 garbage-first heap   total 157696K, used 51062K [0x0000000080000000, 0x0000000100000000)
  region size 1024K, 46 young (47104K), 6 survivors (6144K)
 Metaspace       used 21445K, capacity 21766K, committed 22064K, reserved 1069056K
  class space    used 2197K, capacity 2319K, committed 2432K, reserved 1048576K
}
Event: 4.071 GC heap after
{Heap after GC invocations=8 (full 0):
 garbage-first heap   total 157696K, used 13174K [0x0000000080000000, 0x0000000100000000)
  region size 1024K, 3 young (3072K), 3 survivors (3072K)
 Metaspace       used 21445K, capacity 21766K, committed 22064K, reserved 1069056K
  class space    used 2197K, capacity 2319K, committed 2432K, reserved 1048576K
}
Event: 5.120 GC heap before
{Heap before GC invocations=8 (full 0):
 garbage-first heap   total 157696K, used 68470K [0x0000000080000000, 0x0000000100000000)
  region size 1024K, 57 young (58368K), 3 survivors (3072K)
 Metaspace       used 21910K, capacity 22223K, committed 22576K, reserved 1069056K
  class space    used 2216K, capacity 2322K, committed 2432K, reserved 1048576K
}
Event: 5.129 GC heap after
{Heap after GC invocations=9 (full 0):
 garbage-first heap   total 157696K, used 15555K [0x0000000080000000, 0x0000000100000000)
  region size 1024K, 6 young (6144K), 6 survivors (6144K)
 Metaspace       used 21910K, capacity 22223K, committed 22576K, reserved 1069056K
  class space    used 2216K, capacity 2322K, committed 2432K, reserved 1048576K
}
Event: 10.126 GC heap before
{Heap before GC invocations=9 (full 0):
 garbage-first heap   total 157696K, used 91331K [0x0000000080000000, 0x0000000100000000)
  region size 1024K, 80 young (81920K), 6 survivors (6144K)
 Metaspace       used 25829K, capacity 26330K, committed 26416K, reserved 1073152K
  class space    used 2668K, capacity 2884K, committed 2944K, reserved 1048576K
}
Event: 10.149 GC heap after
{Heap after GC invocations=10 (full 0):
 garbage-first heap   total 205824K, used 19777K [0x0000000080000000, 0x0000000100000000)
  region size 1024K, 9 young (9216K), 9 survivors (9216K)
 Metaspace       used 25829K, capacity 26330K, committed 26416K, reserved 1073152K
  class space    used 2668K, capacity 2884K, committed 2944K, reserved 1048576K
}
Event: 12.190 GC heap before
{Heap before GC invocations=10 (full 0):
 garbage-first heap   total 205824K, used 134465K [0x0000000080000000, 0x0000000100000000)
  region size 1024K, 120 young (122880K), 9 survivors (9216K)
 Metaspace       used 31954K, capacity 32542K, committed 32816K, reserved 1079296K
  class space    used 3365K, capacity 3637K, committed 3712K, reserved 1048576K
}
Event: 12.214 GC heap after
{Heap after GC invocations=11 (full 0):
 garbage-first heap   total 205824K, used 32715K [0x0000000080000000, 0x0000000100000000)
  region size 1024K, 15 young (15360K), 15 survivors (15360K)
 Metaspace       used 31954K, capacity 32542K, committed 32816K, reserved 1079296K
  class space    used 3365K, capacity 3637K, committed 3712K, reserved 1048576K
}
Event: 14.321 GC heap before
{Heap before GC invocations=11 (full 0):
 garbage-first heap   total 205824K, used 140235K [0x0000000080000000, 0x0000000100000000)
  region size 1024K, 120 young (122880K), 15 survivors (15360K)
 Metaspace       used 34745K, capacity 35550K, committed 35632K, reserved 1081344K
  class space    used 3640K, capacity 3954K, committed 3968K, reserved 1048576K
}
Event: 14.365 GC heap after
{Heap after GC invocations=12 (full 0):
 garbage-first heap   total 205824K, used 52222K [0x0000000080000000, 0x0000000100000000)
  region size 1024K, 15 young (15360K), 15 survivors (15360K)
 Metaspace       used 34745K, capacity 35550K, committed 35632K, reserved 1081344K
  class space    used 3640K, capacity 3954K, committed 3968K, reserved 1048576K
}
Event: 14.628 GC heap before
{Heap before GC invocations=12 (full 0):
 garbage-first heap   total 205824K, used 67582K [0x0000000080000000, 0x0000000100000000)
  region size 1024K, 31 young (31744K), 15 survivors (15360K)
 Metaspace       used 35095K, capacity 35850K, committed 35888K, reserved 1081344K
  class space    used 3661K, capacity 3964K, committed 3968K, reserved 1048576K
}
Event: 14.651 GC heap after
{Heap after GC invocations=13 (full 0):
 garbage-first heap   total 205824K, used 53760K [0x0000000080000000, 0x0000000100000000)
  region size 1024K, 1 young (1024K), 1 survivors (1024K)
 Metaspace       used 35095K, capacity 35850K, committed 35888K, reserved 1081344K
  class space    used 3661K, capacity 3964K, committed 3968K, reserved 1048576K
}
Event: 16.695 GC heap before
{Heap before GC invocations=14 (full 0):
 garbage-first heap   total 205824K, used 118272K [0x0000000080000000, 0x0000000100000000)
  region size 1024K, 64 young (65536K), 1 survivors (1024K)
 Metaspace       used 38214K, capacity 39144K, committed 39324K, reserved 1085440K
  class space    used 3981K, capacity 4335K, committed 4352K, reserved 1048576K
}
Event: 16.711 GC heap after
{Heap after GC invocations=15 (full 0):
 garbage-first heap   total 247808K, used 56832K [0x0000000080000000, 0x0000000100000000)
  region size 1024K, 5 young (5120K), 5 survivors (5120K)
 Metaspace       used 38214K, capacity 39144K, committed 39324K, reserved 1085440K
  class space    used 3981K, capacity 4335K, committed 4352K, reserved 1048576K
}

